<?xml version="1.0" encoding="UTF-8"?>
<!-- Generated by org.testng.reporters.JUnitReportReporter -->
<testsuite hostname="Shivis-MacBook-Air.local" failures="0" tests="1" name="Weather.TempCheck" time="6.922" errors="0" timestamp="27 Jul 2018 03:09:10 GMT" skipped="0">
  <testcase classname="Weather.TempCheck" name="temperature" time="6.922"/>
</testsuite> <!-- Weather.TempCheck -->
